  IRBuildElementID.cpp
e:\projects\rnd\bworkgroup\application\plugins\icerig\irregister.h(44): fatal error C1083: Impossible d'ouvrir le fichier include : 'xsi_application.h' : No such file or directory
  IRCubicBezier.cpp
e:\projects\rnd\bworkgroup\application\plugins\icerig\irregister.h(44): fatal error C1083: Impossible d'ouvrir le fichier include : 'xsi_application.h' : No such file or directory
  IRDeltaMush.cpp
e:\projects\rnd\bworkgroup\application\plugins\icerig\irdeltamush.h(4): fatal error C1083: Impossible d'ouvrir le fichier include : 'xsi_application.h' : No such file or directory
  IRDeltaMushHelpFunction.cpp
e:\projects\rnd\bworkgroup\application\plugins\icerig\irdeltamush.h(4): fatal error C1083: Impossible d'ouvrir le fichier include : 'xsi_application.h' : No such file or directory
  IRDeltaMushInit.cpp
e:\projects\rnd\bworkgroup\application\plugins\icerig\irdeltamush.h(4): fatal error C1083: Impossible d'ouvrir le fichier include : 'xsi_application.h' : No such file or directory
  IRRegister.cpp
e:\projects\rnd\bworkgroup\application\plugins\icerig\irregister.h(44): fatal error C1083: Impossible d'ouvrir le fichier include : 'xsi_application.h' : No such file or directory
  IRResampleCurve.cpp
e:\projects\rnd\bworkgroup\application\plugins\icerig\irregister.h(44): fatal error C1083: Impossible d'ouvrir le fichier include : 'xsi_application.h' : No such file or directory
  IRSmooth.cpp
e:\projects\rnd\bworkgroup\application\plugins\icerig\irsmooth.cpp(10): warning C4018: '<' : incompatibilité signed/unsigned
e:\projects\rnd\bworkgroup\application\plugins\icerig\irsmooth.cpp(47): warning C4018: '<' : incompatibilité signed/unsigned
  IRSmoothWeights.cpp
e:\projects\rnd\bworkgroup\application\plugins\icerig\irregister.h(44): fatal error C1083: Impossible d'ouvrir le fichier include : 'xsi_application.h' : No such file or directory
  Génération de code en cours...
