e:\projects\rnd\bworkgroup\application\plugins\icerig\bin\nt-x86-64\release\vc141.pdb
e:\projects\rnd\bworkgroup\application\plugins\icerig\bin\nt-x86-64\release\irsmoothweights.obj
e:\projects\rnd\bworkgroup\application\plugins\icerig\bin\nt-x86-64\release\irsmooth.obj
e:\projects\rnd\bworkgroup\application\plugins\icerig\bin\nt-x86-64\release\irresamplecurve.obj
e:\projects\rnd\bworkgroup\application\plugins\icerig\bin\nt-x86-64\release\irregister.obj
e:\projects\rnd\bworkgroup\application\plugins\icerig\bin\nt-x86-64\release\irdeltamushinit.obj
e:\projects\rnd\bworkgroup\application\plugins\icerig\bin\nt-x86-64\release\irdeltamushhelpfunction.obj
e:\projects\rnd\bworkgroup\application\plugins\icerig\bin\nt-x86-64\release\irdeltamush.obj
e:\projects\rnd\bworkgroup\application\plugins\icerig\bin\nt-x86-64\release\ircubicbezier.obj
e:\projects\rnd\bworkgroup\application\plugins\icerig\bin\nt-x86-64\release\irbuildelementid.obj
e:\projects\rnd\bworkgroup\application\plugins\icerig\bin\nt-x86-64\icerignodes.lib
e:\projects\rnd\bworkgroup\application\plugins\icerig\bin\nt-x86-64\icerignodes.exp
e:\projects\rnd\bworkgroup\application\plugins\icerig\bin\nt-x86-64\icerignodes.dll
e:\projects\rnd\bworkgroup\application\plugins\icerig\.\bin\nt-x86-64\icerignodes.dll
e:\projects\rnd\bworkgroup\application\plugins\icerig\bin\nt-x86-64\release\icerignodes.tlog\cl.command.1.tlog
e:\projects\rnd\bworkgroup\application\plugins\icerig\bin\nt-x86-64\release\icerignodes.tlog\cl.read.1.tlog
e:\projects\rnd\bworkgroup\application\plugins\icerig\bin\nt-x86-64\release\icerignodes.tlog\cl.write.1.tlog
e:\projects\rnd\bworkgroup\application\plugins\icerig\bin\nt-x86-64\release\icerignodes.tlog\icerignodes.write.1u.tlog
e:\projects\rnd\bworkgroup\application\plugins\icerig\bin\nt-x86-64\release\icerignodes.tlog\link.command.1.tlog
e:\projects\rnd\bworkgroup\application\plugins\icerig\bin\nt-x86-64\release\icerignodes.tlog\link.read.1.tlog
e:\projects\rnd\bworkgroup\application\plugins\icerig\bin\nt-x86-64\release\icerignodes.tlog\link.write.1.tlog
