e:\projects\rnd\bworkgroup\application\plugins\icerig\bin\nt-x86-64\release\vc141.pdb
e:\projects\rnd\bworkgroup\application\plugins\icerig\bin\nt-x86-64\release\irupvectorhandle.obj
e:\projects\rnd\bworkgroup\application\plugins\icerig\bin\nt-x86-64\release\irtoolregister.obj
e:\projects\rnd\bworkgroup\application\plugins\icerig\bin\nt-x86-64\release\irtoolhandle.obj
e:\projects\rnd\bworkgroup\application\plugins\icerig\bin\nt-x86-64\release\irtoolbutton.obj
e:\projects\rnd\bworkgroup\application\plugins\icerig\bin\nt-x86-64\release\irskeletonhandle.obj
e:\projects\rnd\bworkgroup\application\plugins\icerig\bin\nt-x86-64\release\irshapehandle.obj
e:\projects\rnd\bworkgroup\application\plugins\icerig\bin\nt-x86-64\release\irsetelement.obj
e:\projects\rnd\bworkgroup\application\plugins\icerig\bin\nt-x86-64\release\iroffsethandle.obj
e:\projects\rnd\bworkgroup\application\plugins\icerig\bin\nt-x86-64\release\irmovehandle.obj
e:\projects\rnd\bworkgroup\application\plugins\icerig\bin\nt-x86-64\release\irjoint.obj
e:\projects\rnd\bworkgroup\application\plugins\icerig\bin\nt-x86-64\release\irelement.obj
e:\projects\rnd\bworkgroup\application\plugins\icerig\bin\nt-x86-64\icerigtools.lib
e:\projects\rnd\bworkgroup\application\plugins\icerig\bin\nt-x86-64\icerigtools.exp
e:\projects\rnd\bworkgroup\application\plugins\icerig\bin\nt-x86-64\icerigtools.dll
e:\projects\rnd\bworkgroup\application\plugins\icerig\bin\nt-x86-64\release\irbuildelementid.obj
e:\projects\rnd\bworkgroup\application\plugins\icerig\bin\nt-x86-64\release\ircubicbezier.obj
e:\projects\rnd\bworkgroup\application\plugins\icerig\bin\nt-x86-64\release\irdeltamush.obj
e:\projects\rnd\bworkgroup\application\plugins\icerig\bin\nt-x86-64\release\irdeltamushhelpfunction.obj
e:\projects\rnd\bworkgroup\application\plugins\icerig\bin\nt-x86-64\release\irdeltamushinit.obj
e:\projects\rnd\bworkgroup\application\plugins\icerig\bin\nt-x86-64\release\irregister.obj
e:\projects\rnd\bworkgroup\application\plugins\icerig\bin\nt-x86-64\release\irsmoot.obj
e:\projects\rnd\bworkgroup\application\plugins\icerig\bin\nt-x86-64\release\irsmoothweights.obj
e:\projects\rnd\bworkgroup\application\plugins\icerig\.\bin\nt-x86-64\icerigtools.dll
e:\projects\rnd\bworkgroup\application\plugins\icerig\bin\nt-x86-64\release\icerigtools.tlog\cl.command.1.tlog
e:\projects\rnd\bworkgroup\application\plugins\icerig\bin\nt-x86-64\release\icerigtools.tlog\cl.read.1.tlog
e:\projects\rnd\bworkgroup\application\plugins\icerig\bin\nt-x86-64\release\icerigtools.tlog\cl.write.1.tlog
e:\projects\rnd\bworkgroup\application\plugins\icerig\bin\nt-x86-64\release\icerigtools.tlog\icerigtools.write.1u.tlog
e:\projects\rnd\bworkgroup\application\plugins\icerig\bin\nt-x86-64\release\icerigtools.tlog\link.command.1.tlog
e:\projects\rnd\bworkgroup\application\plugins\icerig\bin\nt-x86-64\release\icerigtools.tlog\link.delete.1.tlog
e:\projects\rnd\bworkgroup\application\plugins\icerig\bin\nt-x86-64\release\icerigtools.tlog\link.read.1.tlog
e:\projects\rnd\bworkgroup\application\plugins\icerig\bin\nt-x86-64\release\icerigtools.tlog\link.write.1.tlog
