  CorrectSyflexCache.cpp
  PointCacheLog.cpp
  PointCachePPG.cpp
  PointCacheReader.cpp
e:\projects\rnd\bworkgroup\application\plugins\pointcache\pointcachereader.cpp(201): warning C4244: 'argument' : conversion de 'double' en 'float', perte possible de données
e:\projects\rnd\bworkgroup\application\plugins\pointcache\pointcachereader.cpp(202): warning C4244: 'argument' : conversion de 'double' en 'float', perte possible de données
e:\projects\rnd\bworkgroup\application\plugins\pointcache\pointcachereader.cpp(203): warning C4244: 'argument' : conversion de 'double' en 'float', perte possible de données
e:\projects\rnd\bworkgroup\application\plugins\pointcache\pointcachereader.cpp(223): warning C4244: 'argument' : conversion de 'double' en 'float', perte possible de données
e:\projects\rnd\bworkgroup\application\plugins\pointcache\pointcachereader.cpp(224): warning C4244: 'argument' : conversion de 'double' en 'float', perte possible de données
e:\projects\rnd\bworkgroup\application\plugins\pointcache\pointcachereader.cpp(225): warning C4244: 'argument' : conversion de 'double' en 'float', perte possible de données
e:\projects\rnd\bworkgroup\application\plugins\pointcache\pointcachereader.cpp(232): warning C4244: 'argument' : conversion de 'double' en 'float', perte possible de données
e:\projects\rnd\bworkgroup\application\plugins\pointcache\pointcachereader.cpp(233): warning C4244: 'argument' : conversion de 'double' en 'float', perte possible de données
e:\projects\rnd\bworkgroup\application\plugins\pointcache\pointcachereader.cpp(234): warning C4244: 'argument' : conversion de 'double' en 'float', perte possible de données
  PointCacheRegister.cpp
  PointCacheSyflexCache.cpp
e:\projects\rnd\bworkgroup\application\plugins\pointcache\pointcachesyflexcache.cpp(121): warning C4244: '=' : conversion de 'std::streamoff' en 'int', perte possible de données
  PointCacheWriter.cpp
  Génération de code en cours...
C:\Program Files (x86)\Microsoft Visual Studio\2017\Community\Common7\IDE\VC\VCTargets\Microsoft.CppBuild.targets(1205,5): warning MSB8012: TargetPath(E:\Projects\RnD\bWorkgroup\Application\Plugins\PointCache\x64\Release\PointCache.dll) ne correspond pas à la valeur de la propriété OutputFile (E:\Projects\RnD\bWorkgroup\Application\Plugins\PointCache\PointCache.dll) de Linker. Cela peut entraîner une génération incorrecte de votre projet. Pour corriger ce problème, vérifiez que les valeurs des propriétés $(OutDir), $(TargetName) et $(TargetExt) correspondent à la valeur spécifiée dans %(Link.OutputFile).
     Création de la bibliothèque x64\Release\PointCache.lib et de l'objet x64\Release\PointCache.exp
  PointCache.vcxproj -> E:\Projects\RnD\bWorkgroup\Application\Plugins\PointCache\x64\Release\PointCache.dll
