  HairBranch.cpp
e:\projects\rnd\bworkgroup\application\plugins\icehair\hairregister.h(44): fatal error C1083: Impossible d'ouvrir le fichier include : 'xsi_application.h' : No such file or directory
  HairData.cpp
e:\projects\rnd\bworkgroup\application\plugins\icehair\hairregister.h(44): fatal error C1083: Impossible d'ouvrir le fichier include : 'xsi_application.h' : No such file or directory
  HairGeometry.cpp
e:\projects\rnd\bworkgroup\application\plugins\icehair\hairregister.h(44): fatal error C1083: Impossible d'ouvrir le fichier include : 'xsi_application.h' : No such file or directory
  HairGeometryChecker.cpp
e:\projects\rnd\bworkgroup\application\plugins\icehair\hairregister.h(44): fatal error C1083: Impossible d'ouvrir le fichier include : 'xsi_application.h' : No such file or directory
  HairGuide.cpp
e:\projects\rnd\bworkgroup\application\plugins\icehair\hairregister.h(44): fatal error C1083: Impossible d'ouvrir le fichier include : 'xsi_application.h' : No such file or directory
  HairGuideTriangle.cpp
e:\projects\rnd\bworkgroup\application\plugins\icehair\hairregister.h(44): fatal error C1083: Impossible d'ouvrir le fichier include : 'xsi_application.h' : No such file or directory
  HairMeshData.cpp
e:\projects\rnd\bworkgroup\application\plugins\icehair\hairregister.h(44): fatal error C1083: Impossible d'ouvrir le fichier include : 'xsi_application.h' : No such file or directory
  HairRegister.cpp
e:\projects\rnd\bworkgroup\application\plugins\icehair\hairregister.h(44): fatal error C1083: Impossible d'ouvrir le fichier include : 'xsi_application.h' : No such file or directory
  HairSkeletonPoints.cpp
e:\projects\rnd\bworkgroup\application\plugins\icehair\hairregister.h(44): fatal error C1083: Impossible d'ouvrir le fichier include : 'xsi_application.h' : No such file or directory
  HairSkeletonRoot.cpp
e:\projects\rnd\bworkgroup\application\plugins\icehair\hairregister.h(44): fatal error C1083: Impossible d'ouvrir le fichier include : 'xsi_application.h' : No such file or directory
  HairSolver.cpp
e:\projects\rnd\bworkgroup\application\plugins\icehair\hairregister.h(44): fatal error C1083: Impossible d'ouvrir le fichier include : 'xsi_application.h' : No such file or directory
  HairStrandFitting.cpp
e:\projects\rnd\bworkgroup\application\plugins\icehair\hairregister.h(44): fatal error C1083: Impossible d'ouvrir le fichier include : 'xsi_application.h' : No such file or directory
  HairTriangleAreaSum.cpp
e:\projects\rnd\bworkgroup\application\plugins\icehair\hairregister.h(44): fatal error C1083: Impossible d'ouvrir le fichier include : 'xsi_application.h' : No such file or directory
  HairUpdateMeshData.cpp
e:\projects\rnd\bworkgroup\application\plugins\icehair\hairregister.h(44): fatal error C1083: Impossible d'ouvrir le fichier include : 'xsi_application.h' : No such file or directory
  Génération de code en cours...
