  Building Custom Rule C:/Users/graph/Documents/bmal/src/RIPSoftimage/Application/Plugins/Voronoi/CMakeLists.txt
  ApplyVoronoi.cpp
  CVoronoi.cpp
  HEMesh.cpp
C:\Users\graph\Documents\bmal\src\RIPSoftimage\Application\Plugins\Voronoi\HEMesh.cpp(106,29): warning C4244: '=' : conversion de 'double' en 'float', perte possible de données
C:\Users\graph\Documents\bmal\src\RIPSoftimage\Application\Plugins\Voronoi\HEMesh.cpp(107,29): warning C4244: '=' : conversion de 'double' en 'float', perte possible de données
C:\Users\graph\Documents\bmal\src\RIPSoftimage\Application\Plugins\Voronoi\HEMesh.cpp(108,29): warning C4244: '=' : conversion de 'double' en 'float', perte possible de données
C:\Users\graph\Documents\bmal\src\RIPSoftimage\Application\Plugins\Voronoi\HEMesh.cpp(280,32): warning C4267: 'initialisation' : conversion de 'size_t' en 'uint32_t', perte possible de données
C:\Users\graph\Documents\bmal\src\RIPSoftimage\Application\Plugins\Voronoi\HEMesh.cpp(344,29): warning C4267: 'argument' : conversion de 'size_t' en 'const _Ty', perte possible de données
          with
          [
              _Ty=uint32_t
          ]
C:\Users\graph\Documents\bmal\src\RIPSoftimage\Application\Plugins\Voronoi\HEMesh.cpp(357,37): warning C4267: 'argument' : conversion de 'size_t' en 'uint32_t', perte possible de données
C:\Users\graph\Documents\bmal\src\RIPSoftimage\Application\Plugins\Voronoi\HEMesh.cpp(362,52): warning C4267: 'argument' : conversion de 'size_t' en 'uint32_t', perte possible de données
C:\Users\graph\Documents\bmal\src\RIPSoftimage\Application\Plugins\Voronoi\HEMesh.cpp(409,29): warning C4267: 'argument' : conversion de 'size_t' en 'uint32_t', perte possible de données
C:\Users\graph\Documents\bmal\src\RIPSoftimage\Application\Plugins\Voronoi\HEMesh.cpp(425,29): warning C4267: 'argument' : conversion de 'size_t' en 'uint32_t', perte possible de données
C:\Users\graph\Documents\bmal\src\RIPSoftimage\Application\Plugins\Voronoi\HEMesh.cpp(450,51): warning C4267: 'argument' : conversion de 'size_t' en 'uint32_t', perte possible de données
C:\Users\graph\Documents\bmal\src\RIPSoftimage\Application\Plugins\Voronoi\HEMesh.cpp(459,59): warning C4267: 'argument' : conversion de 'size_t' en 'uint32_t', perte possible de données
C:\Users\graph\Documents\bmal\src\RIPSoftimage\Application\Plugins\Voronoi\HEMesh.cpp(462,54): warning C4267: '=' : conversion de 'size_t' en '_Ty', perte possible de données
          with
          [
              _Ty=ULONG
          ]
C:\Users\graph\Documents\bmal\src\RIPSoftimage\Application\Plugins\Voronoi\HEMesh.cpp(467,68): warning C4267: 'argument' : conversion de 'size_t' en 'uint32_t', perte possible de données
C:\Users\graph\Documents\bmal\src\RIPSoftimage\Application\Plugins\Voronoi\HEMesh.cpp(510,50): warning C4267: 'argument' : conversion de 'size_t' en 'uint32_t', perte possible de données
C:\Users\graph\Documents\bmal\src\RIPSoftimage\Application\Plugins\Voronoi\HEMesh.cpp(524,62): warning C4267: 'argument' : conversion de 'size_t' en 'uint32_t', perte possible de données
C:\Users\graph\Documents\bmal\src\RIPSoftimage\Application\Plugins\Voronoi\HEMesh.cpp(604,28): warning C4267: 'argument' : conversion de 'size_t' en 'const _Ty', perte possible de données
          with
          [
              _Ty=uint32_t
          ]
C:\Users\graph\Documents\bmal\src\RIPSoftimage\Application\Plugins\Voronoi\HEMesh.cpp(612,20): warning C4267: '=' : conversion de 'size_t' en 'uint32_t', perte possible de données
C:\Users\graph\Documents\bmal\src\RIPSoftimage\Application\Plugins\Voronoi\HEMesh.cpp(619,33): warning C4267: '=' : conversion de 'size_t' en '_Ty', perte possible de données
          with
          [
              _Ty=uint32_t
          ]
C:\Users\graph\Documents\bmal\src\RIPSoftimage\Application\Plugins\Voronoi\HEMesh.cpp(648,60): warning C4267: 'argument' : conversion de 'size_t' en 'uint32_t', perte possible de données
C:\Users\graph\Documents\bmal\src\RIPSoftimage\Application\Plugins\Voronoi\HEMesh.cpp(652,29): warning C4267: 'argument' : conversion de 'size_t' en 'uint32_t', perte possible de données
C:\Users\graph\Documents\bmal\src\RIPSoftimage\Application\Plugins\Voronoi\HEMesh.cpp(656,37): warning C4267: 'argument' : conversion de 'size_t' en 'uint32_t', perte possible de données
C:\Program Files (x86)\Microsoft Visual Studio\2019\Community\VC\Tools\MSVC\14.28.29333\include\utility(246,16): warning C4244: 'initialisation' : conversion de '_Ty' en '_Ty1', perte possible de données
          with
          [
              _Ty=unsigned __int64
          ]
          and
          [
              _Ty1=uint32_t
          ]
C:\Users\graph\Documents\bmal\src\RIPSoftimage\Application\Plugins\Voronoi\HEMesh.cpp(364): message : voir la référence à l'instanciation de la fonction modèle 'std::pair<uint32_t,HEVertex *>::pair<unsigned __int64,HEVertex*,0>(std::pair<unsigned __int64,HEVertex *> &&) noexcept' en cours de compilation
C:\Users\graph\Documents\bmal\src\RIPSoftimage\Application\Plugins\Voronoi\HEMesh.cpp(364): message : voir la référence à l'instanciation de la fonction modèle 'std::pair<uint32_t,HEVertex *>::pair<unsigned __int64,HEVertex*,0>(std::pair<unsigned __int64,HEVertex *> &&) noexcept' en cours de compilation
  IMVoronoi.cpp
C:\Program Files\Autodesk\Softimage 2015 SP2\XSISDK\include\xsi_vector2f.h(310,13): warning C4244: 'return' : conversion de 'double' en 'float', perte possible de données
C:\Program Files\Autodesk\Softimage 2015 SP2\XSISDK\include\xsi_matrix3f.h(529,29): warning C4244: '+=' : conversion de 'double' en 'float', perte possible de données
C:\Program Files\Autodesk\Softimage 2015 SP2\XSISDK\include\xsi_matrix3f.h(533,29): warning C4244: '+=' : conversion de 'double' en 'float', perte possible de données
C:\Program Files\Autodesk\Softimage 2015 SP2\XSISDK\include\xsi_matrix3f.h(537,29): warning C4244: '+=' : conversion de 'double' en 'float', perte possible de données
C:\Program Files\Autodesk\Softimage 2015 SP2\XSISDK\include\xsi_matrix3f.h(541,29): warning C4244: '+=' : conversion de 'double' en 'float', perte possible de données
C:\Program Files\Autodesk\Softimage 2015 SP2\XSISDK\include\xsi_matrix3f.h(545,29): warning C4244: '+=' : conversion de 'double' en 'float', perte possible de données
C:\Program Files\Autodesk\Softimage 2015 SP2\XSISDK\include\xsi_matrix3f.h(549,29): warning C4244: '+=' : conversion de 'double' en 'float', perte possible de données
C:\Program Files\Autodesk\Softimage 2015 SP2\XSISDK\include\xsi_vector3f.h(719,13): warning C4244: 'return' : conversion de 'double' en 'float', perte possible de données
C:\Program Files\Autodesk\Softimage 2015 SP2\XSISDK\include\xsi_vector3f.h(985,15): warning C4244: 'return' : conversion de 'double' en 'float', perte possible de données
C:\Program Files\Autodesk\Softimage 2015 SP2\XSISDK\include\xsi_vector3f.h(994,40): warning C4244: 'argument' : conversion de 'double' en 'const float', perte possible de données
C:\Program Files\Autodesk\Softimage 2015 SP2\XSISDK\include\xsi_vector3f.h(994,26): warning C4244: 'argument' : conversion de 'double' en 'const float', perte possible de données
C:\Program Files\Autodesk\Softimage 2015 SP2\XSISDK\include\xsi_vector3f.h(994,12): warning C4244: 'argument' : conversion de 'double' en 'const float', perte possible de données
C:\Program Files\Autodesk\Softimage 2015 SP2\XSISDK\include\xsi_vector3f.h(1002,15): warning C4244: '=' : conversion de 'double' en 'float', perte possible de données
C:\Program Files\Autodesk\Softimage 2015 SP2\XSISDK\include\xsi_vector3f.h(1003,15): warning C4244: '=' : conversion de 'double' en 'float', perte possible de données
C:\Program Files\Autodesk\Softimage 2015 SP2\XSISDK\include\xsi_vector3f.h(1004,15): warning C4244: '=' : conversion de 'double' en 'float', perte possible de données
C:\Program Files\Autodesk\Softimage 2015 SP2\XSISDK\include\xsi_vector4f.h(680,15): warning C4244: '=' : conversion de 'double' en 'float', perte possible de données
C:\Program Files\Autodesk\Softimage 2015 SP2\XSISDK\include\xsi_vector4f.h(681,15): warning C4244: '=' : conversion de 'double' en 'float', perte possible de données
C:\Program Files\Autodesk\Softimage 2015 SP2\XSISDK\include\xsi_vector4f.h(682,15): warning C4244: '=' : conversion de 'double' en 'float', perte possible de données
C:\Program Files\Autodesk\Softimage 2015 SP2\XSISDK\include\xsi_vector4f.h(683,15): warning C4244: '=' : conversion de 'double' en 'float', perte possible de données
C:\Program Files\Autodesk\Softimage 2015 SP2\XSISDK\include\xsi_vector4f.h(702,13): warning C4244: 'return' : conversion de 'double' en 'float', perte possible de données
C:\Program Files\Autodesk\Softimage 2015 SP2\XSISDK\include\xsi_quaternionf.h(518,14): warning C4244: 'return' : conversion de 'double' en 'float', perte possible de données
C:\Program Files\Autodesk\Softimage 2015 SP2\XSISDK\include\xsi_quaternionf.h(737,22): warning C4244: '=' : conversion de 'double' en 'float', perte possible de données
C:\Program Files\Autodesk\Softimage 2015 SP2\XSISDK\include\xsi_quaternionf.h(781,20): warning C4244: '=' : conversion de 'double' en 'float', perte possible de données
C:\Program Files\Autodesk\Softimage 2015 SP2\XSISDK\include\xsi_quaternionf.h(782,22): warning C4244: '=' : conversion de 'double' en 'float', perte possible de données
C:\Program Files\Autodesk\Softimage 2015 SP2\XSISDK\include\xsi_quaternionf.h(784,48): warning C4244: '=' : conversion de 'double' en 'float', perte possible de données
C:\Program Files\Autodesk\Softimage 2015 SP2\XSISDK\include\xsi_quaternionf.h(785,39): warning C4244: '=' : conversion de 'double' en 'float', perte possible de données
C:\Program Files\Autodesk\Softimage 2015 SP2\XSISDK\include\xsi_rotationf.h(842,12): warning C4244: '=' : conversion de 'double' en 'float', perte possible de données
C:\Program Files\Autodesk\Softimage 2015 SP2\XSISDK\include\xsi_rotationf.h(843,12): warning C4244: '=' : conversion de 'double' en 'float', perte possible de données
C:\Users\graph\Documents\bmal\src\RIPSoftimage\Application\Plugins\Voronoi\IMVoronoi.cpp(80,20): warning C4018: '<' : incompatibilité signed/unsigned
C:\Users\graph\Documents\bmal\src\RIPSoftimage\Application\Plugins\Voronoi\IMVoronoi.cpp(82,21): warning C4018: '<' : incompatibilité signed/unsigned
C:\Users\graph\Documents\bmal\src\RIPSoftimage\Application\Plugins\Voronoi\IMVoronoi.cpp(117,19): warning C4018: '<' : incompatibilité signed/unsigned
C:\Users\graph\Documents\bmal\src\RIPSoftimage\Application\Plugins\Voronoi\IMVoronoi.cpp(168,107): warning C4267: 'argument' : conversion de 'size_t' en 'ULONG', perte possible de données
C:\Users\graph\Documents\bmal\src\RIPSoftimage\Application\Plugins\Voronoi\IMVoronoi.cpp(171,20): warning C4267: 'argument' : conversion de 'size_t' en 'ULONG', perte possible de données
C:\Users\graph\Documents\bmal\src\RIPSoftimage\Application\Plugins\Voronoi\IMVoronoi.cpp(179,100): warning C4267: 'argument' : conversion de 'size_t' en 'ULONG', perte possible de données
C:\Users\graph\Documents\bmal\src\RIPSoftimage\Application\Plugins\Voronoi\IMVoronoi.cpp(182,19): warning C4267: 'argument' : conversion de 'size_t' en 'ULONG', perte possible de données
  Voronoi.cpp
C:\Program Files\Autodesk\Softimage 2015 SP2\XSISDK\include\xsi_vector2f.h(310,13): warning C4244: 'return' : conversion de 'double' en 'float', perte possible de données
C:\Program Files\Autodesk\Softimage 2015 SP2\XSISDK\include\xsi_matrix3f.h(529,29): warning C4244: '+=' : conversion de 'double' en 'float', perte possible de données
C:\Program Files\Autodesk\Softimage 2015 SP2\XSISDK\include\xsi_matrix3f.h(533,29): warning C4244: '+=' : conversion de 'double' en 'float', perte possible de données
C:\Program Files\Autodesk\Softimage 2015 SP2\XSISDK\include\xsi_matrix3f.h(537,29): warning C4244: '+=' : conversion de 'double' en 'float', perte possible de données
C:\Program Files\Autodesk\Softimage 2015 SP2\XSISDK\include\xsi_matrix3f.h(541,29): warning C4244: '+=' : conversion de 'double' en 'float', perte possible de données
C:\Program Files\Autodesk\Softimage 2015 SP2\XSISDK\include\xsi_matrix3f.h(545,29): warning C4244: '+=' : conversion de 'double' en 'float', perte possible de données
C:\Program Files\Autodesk\Softimage 2015 SP2\XSISDK\include\xsi_matrix3f.h(549,29): warning C4244: '+=' : conversion de 'double' en 'float', perte possible de données
C:\Program Files\Autodesk\Softimage 2015 SP2\XSISDK\include\xsi_vector3f.h(719,13): warning C4244: 'return' : conversion de 'double' en 'float', perte possible de données
C:\Program Files\Autodesk\Softimage 2015 SP2\XSISDK\include\xsi_vector3f.h(985,15): warning C4244: 'return' : conversion de 'double' en 'float', perte possible de données
C:\Program Files\Autodesk\Softimage 2015 SP2\XSISDK\include\xsi_vector3f.h(994,40): warning C4244: 'argument' : conversion de 'double' en 'const float', perte possible de données
C:\Program Files\Autodesk\Softimage 2015 SP2\XSISDK\include\xsi_vector3f.h(994,26): warning C4244: 'argument' : conversion de 'double' en 'const float', perte possible de données
C:\Program Files\Autodesk\Softimage 2015 SP2\XSISDK\include\xsi_vector3f.h(994,12): warning C4244: 'argument' : conversion de 'double' en 'const float', perte possible de données
C:\Program Files\Autodesk\Softimage 2015 SP2\XSISDK\include\xsi_vector3f.h(1002,15): warning C4244: '=' : conversion de 'double' en 'float', perte possible de données
C:\Program Files\Autodesk\Softimage 2015 SP2\XSISDK\include\xsi_vector3f.h(1003,15): warning C4244: '=' : conversion de 'double' en 'float', perte possible de données
C:\Program Files\Autodesk\Softimage 2015 SP2\XSISDK\include\xsi_vector3f.h(1004,15): warning C4244: '=' : conversion de 'double' en 'float', perte possible de données
C:\Program Files\Autodesk\Softimage 2015 SP2\XSISDK\include\xsi_vector4f.h(680,15): warning C4244: '=' : conversion de 'double' en 'float', perte possible de données
C:\Program Files\Autodesk\Softimage 2015 SP2\XSISDK\include\xsi_vector4f.h(681,15): warning C4244: '=' : conversion de 'double' en 'float', perte possible de données
C:\Program Files\Autodesk\Softimage 2015 SP2\XSISDK\include\xsi_vector4f.h(682,15): warning C4244: '=' : conversion de 'double' en 'float', perte possible de données
C:\Program Files\Autodesk\Softimage 2015 SP2\XSISDK\include\xsi_vector4f.h(683,15): warning C4244: '=' : conversion de 'double' en 'float', perte possible de données
C:\Program Files\Autodesk\Softimage 2015 SP2\XSISDK\include\xsi_vector4f.h(702,13): warning C4244: 'return' : conversion de 'double' en 'float', perte possible de données
C:\Program Files\Autodesk\Softimage 2015 SP2\XSISDK\include\xsi_quaternionf.h(518,14): warning C4244: 'return' : conversion de 'double' en 'float', perte possible de données
C:\Program Files\Autodesk\Softimage 2015 SP2\XSISDK\include\xsi_quaternionf.h(737,22): warning C4244: '=' : conversion de 'double' en 'float', perte possible de données
C:\Program Files\Autodesk\Softimage 2015 SP2\XSISDK\include\xsi_quaternionf.h(781,20): warning C4244: '=' : conversion de 'double' en 'float', perte possible de données
C:\Program Files\Autodesk\Softimage 2015 SP2\XSISDK\include\xsi_quaternionf.h(782,22): warning C4244: '=' : conversion de 'double' en 'float', perte possible de données
C:\Program Files\Autodesk\Softimage 2015 SP2\XSISDK\include\xsi_quaternionf.h(784,48): warning C4244: '=' : conversion de 'double' en 'float', perte possible de données
C:\Program Files\Autodesk\Softimage 2015 SP2\XSISDK\include\xsi_quaternionf.h(785,39): warning C4244: '=' : conversion de 'double' en 'float', perte possible de données
C:\Program Files\Autodesk\Softimage 2015 SP2\XSISDK\include\xsi_rotationf.h(842,12): warning C4244: '=' : conversion de 'double' en 'float', perte possible de données
C:\Program Files\Autodesk\Softimage 2015 SP2\XSISDK\include\xsi_rotationf.h(843,12): warning C4244: '=' : conversion de 'double' en 'float', perte possible de données
C:\Users\graph\Documents\bmal\src\RIPSoftimage\Application\Plugins\Voronoi\Voronoi.cpp(27,2): warning C4002: trop d'arguments pour l'appel de macro de type fonction 'LOG'
  Génération de code en cours...
     Création de la bibliothèque C:/Users/graph/Documents/bmal/src/RIPSoftimage/Application/Plugins/build/Voronoi/Release/Voronoi.lib et de l'objet C:/Users/graph/Documents/bmal/src/RIPSoftimage/Application/Plugins/build/Voronoi/Release/Voronoi.exp
  Voronoi.vcxproj -> C:\Users\graph\Documents\bmal\src\RIPSoftimage\Application\Plugins\build\Voronoi\Release\Voronoi.dll
