  HairBranch.cpp
c:\program files\autodesk\softimage 2015 sp2\xsisdk\include\xsi_vector2f.h(310): warning C4244: 'return' : conversion de 'double' en 'float', perte possible de données
c:\program files\autodesk\softimage 2015 sp2\xsisdk\include\xsi_matrix3f.h(529): warning C4244: '+=' : conversion de 'double' en 'float', perte possible de données
c:\program files\autodesk\softimage 2015 sp2\xsisdk\include\xsi_matrix3f.h(533): warning C4244: '+=' : conversion de 'double' en 'float', perte possible de données
c:\program files\autodesk\softimage 2015 sp2\xsisdk\include\xsi_matrix3f.h(537): warning C4244: '+=' : conversion de 'double' en 'float', perte possible de données
c:\program files\autodesk\softimage 2015 sp2\xsisdk\include\xsi_matrix3f.h(541): warning C4244: '+=' : conversion de 'double' en 'float', perte possible de données
c:\program files\autodesk\softimage 2015 sp2\xsisdk\include\xsi_matrix3f.h(545): warning C4244: '+=' : conversion de 'double' en 'float', perte possible de données
c:\program files\autodesk\softimage 2015 sp2\xsisdk\include\xsi_matrix3f.h(549): warning C4244: '+=' : conversion de 'double' en 'float', perte possible de données
c:\program files\autodesk\softimage 2015 sp2\xsisdk\include\xsi_vector3f.h(719): warning C4244: 'return' : conversion de 'double' en 'float', perte possible de données
c:\program files\autodesk\softimage 2015 sp2\xsisdk\include\xsi_vector3f.h(985): warning C4244: 'return' : conversion de 'double' en 'float', perte possible de données
c:\program files\autodesk\softimage 2015 sp2\xsisdk\include\xsi_vector3f.h(994): warning C4244: 'argument' : conversion de 'double' en 'const float', perte possible de données
c:\program files\autodesk\softimage 2015 sp2\xsisdk\include\xsi_vector3f.h(1002): warning C4244: '=' : conversion de 'double' en 'float', perte possible de données
c:\program files\autodesk\softimage 2015 sp2\xsisdk\include\xsi_vector3f.h(1003): warning C4244: '=' : conversion de 'double' en 'float', perte possible de données
c:\program files\autodesk\softimage 2015 sp2\xsisdk\include\xsi_vector3f.h(1004): warning C4244: '=' : conversion de 'double' en 'float', perte possible de données
c:\program files\autodesk\softimage 2015 sp2\xsisdk\include\xsi_vector4f.h(680): warning C4244: '=' : conversion de 'double' en 'float', perte possible de données
c:\program files\autodesk\softimage 2015 sp2\xsisdk\include\xsi_vector4f.h(681): warning C4244: '=' : conversion de 'double' en 'float', perte possible de données
c:\program files\autodesk\softimage 2015 sp2\xsisdk\include\xsi_vector4f.h(682): warning C4244: '=' : conversion de 'double' en 'float', perte possible de données
c:\program files\autodesk\softimage 2015 sp2\xsisdk\include\xsi_vector4f.h(683): warning C4244: '=' : conversion de 'double' en 'float', perte possible de données
c:\program files\autodesk\softimage 2015 sp2\xsisdk\include\xsi_vector4f.h(702): warning C4244: 'return' : conversion de 'double' en 'float', perte possible de données
c:\program files\autodesk\softimage 2015 sp2\xsisdk\include\xsi_quaternionf.h(518): warning C4244: 'return' : conversion de 'double' en 'float', perte possible de données
c:\program files\autodesk\softimage 2015 sp2\xsisdk\include\xsi_quaternionf.h(737): warning C4244: '=' : conversion de 'double' en 'float', perte possible de données
c:\program files\autodesk\softimage 2015 sp2\xsisdk\include\xsi_quaternionf.h(781): warning C4244: '=' : conversion de 'double' en 'float', perte possible de données
c:\program files\autodesk\softimage 2015 sp2\xsisdk\include\xsi_quaternionf.h(782): warning C4244: '=' : conversion de 'double' en 'float', perte possible de données
c:\program files\autodesk\softimage 2015 sp2\xsisdk\include\xsi_quaternionf.h(784): warning C4244: '=' : conversion de 'double' en 'float', perte possible de données
c:\program files\autodesk\softimage 2015 sp2\xsisdk\include\xsi_quaternionf.h(785): warning C4244: '=' : conversion de 'double' en 'float', perte possible de données
c:\program files\autodesk\softimage 2015 sp2\xsisdk\include\xsi_rotationf.h(842): warning C4244: '=' : conversion de 'double' en 'float', perte possible de données
c:\program files\autodesk\softimage 2015 sp2\xsisdk\include\xsi_rotationf.h(843): warning C4244: '=' : conversion de 'double' en 'float', perte possible de données
  HairData.cpp
c:\program files\autodesk\softimage 2015 sp2\xsisdk\include\xsi_vector2f.h(310): warning C4244: 'return' : conversion de 'double' en 'float', perte possible de données
c:\program files\autodesk\softimage 2015 sp2\xsisdk\include\xsi_matrix3f.h(529): warning C4244: '+=' : conversion de 'double' en 'float', perte possible de données
c:\program files\autodesk\softimage 2015 sp2\xsisdk\include\xsi_matrix3f.h(533): warning C4244: '+=' : conversion de 'double' en 'float', perte possible de données
c:\program files\autodesk\softimage 2015 sp2\xsisdk\include\xsi_matrix3f.h(537): warning C4244: '+=' : conversion de 'double' en 'float', perte possible de données
c:\program files\autodesk\softimage 2015 sp2\xsisdk\include\xsi_matrix3f.h(541): warning C4244: '+=' : conversion de 'double' en 'float', perte possible de données
c:\program files\autodesk\softimage 2015 sp2\xsisdk\include\xsi_matrix3f.h(545): warning C4244: '+=' : conversion de 'double' en 'float', perte possible de données
c:\program files\autodesk\softimage 2015 sp2\xsisdk\include\xsi_matrix3f.h(549): warning C4244: '+=' : conversion de 'double' en 'float', perte possible de données
c:\program files\autodesk\softimage 2015 sp2\xsisdk\include\xsi_vector3f.h(719): warning C4244: 'return' : conversion de 'double' en 'float', perte possible de données
c:\program files\autodesk\softimage 2015 sp2\xsisdk\include\xsi_vector3f.h(985): warning C4244: 'return' : conversion de 'double' en 'float', perte possible de données
c:\program files\autodesk\softimage 2015 sp2\xsisdk\include\xsi_vector3f.h(994): warning C4244: 'argument' : conversion de 'double' en 'const float', perte possible de données
c:\program files\autodesk\softimage 2015 sp2\xsisdk\include\xsi_vector3f.h(1002): warning C4244: '=' : conversion de 'double' en 'float', perte possible de données
c:\program files\autodesk\softimage 2015 sp2\xsisdk\include\xsi_vector3f.h(1003): warning C4244: '=' : conversion de 'double' en 'float', perte possible de données
c:\program files\autodesk\softimage 2015 sp2\xsisdk\include\xsi_vector3f.h(1004): warning C4244: '=' : conversion de 'double' en 'float', perte possible de données
c:\program files\autodesk\softimage 2015 sp2\xsisdk\include\xsi_vector4f.h(680): warning C4244: '=' : conversion de 'double' en 'float', perte possible de données
c:\program files\autodesk\softimage 2015 sp2\xsisdk\include\xsi_vector4f.h(681): warning C4244: '=' : conversion de 'double' en 'float', perte possible de données
c:\program files\autodesk\softimage 2015 sp2\xsisdk\include\xsi_vector4f.h(682): warning C4244: '=' : conversion de 'double' en 'float', perte possible de données
c:\program files\autodesk\softimage 2015 sp2\xsisdk\include\xsi_vector4f.h(683): warning C4244: '=' : conversion de 'double' en 'float', perte possible de données
c:\program files\autodesk\softimage 2015 sp2\xsisdk\include\xsi_vector4f.h(702): warning C4244: 'return' : conversion de 'double' en 'float', perte possible de données
c:\program files\autodesk\softimage 2015 sp2\xsisdk\include\xsi_quaternionf.h(518): warning C4244: 'return' : conversion de 'double' en 'float', perte possible de données
c:\program files\autodesk\softimage 2015 sp2\xsisdk\include\xsi_quaternionf.h(737): warning C4244: '=' : conversion de 'double' en 'float', perte possible de données
c:\program files\autodesk\softimage 2015 sp2\xsisdk\include\xsi_quaternionf.h(781): warning C4244: '=' : conversion de 'double' en 'float', perte possible de données
c:\program files\autodesk\softimage 2015 sp2\xsisdk\include\xsi_quaternionf.h(782): warning C4244: '=' : conversion de 'double' en 'float', perte possible de données
c:\program files\autodesk\softimage 2015 sp2\xsisdk\include\xsi_quaternionf.h(784): warning C4244: '=' : conversion de 'double' en 'float', perte possible de données
c:\program files\autodesk\softimage 2015 sp2\xsisdk\include\xsi_quaternionf.h(785): warning C4244: '=' : conversion de 'double' en 'float', perte possible de données
c:\program files\autodesk\softimage 2015 sp2\xsisdk\include\xsi_rotationf.h(842): warning C4244: '=' : conversion de 'double' en 'float', perte possible de données
c:\program files\autodesk\softimage 2015 sp2\xsisdk\include\xsi_rotationf.h(843): warning C4244: '=' : conversion de 'double' en 'float', perte possible de données
  HairGeometry.cpp
c:\program files\autodesk\softimage 2015 sp2\xsisdk\include\xsi_vector2f.h(310): warning C4244: 'return' : conversion de 'double' en 'float', perte possible de données
c:\program files\autodesk\softimage 2015 sp2\xsisdk\include\xsi_matrix3f.h(529): warning C4244: '+=' : conversion de 'double' en 'float', perte possible de données
c:\program files\autodesk\softimage 2015 sp2\xsisdk\include\xsi_matrix3f.h(533): warning C4244: '+=' : conversion de 'double' en 'float', perte possible de données
c:\program files\autodesk\softimage 2015 sp2\xsisdk\include\xsi_matrix3f.h(537): warning C4244: '+=' : conversion de 'double' en 'float', perte possible de données
c:\program files\autodesk\softimage 2015 sp2\xsisdk\include\xsi_matrix3f.h(541): warning C4244: '+=' : conversion de 'double' en 'float', perte possible de données
c:\program files\autodesk\softimage 2015 sp2\xsisdk\include\xsi_matrix3f.h(545): warning C4244: '+=' : conversion de 'double' en 'float', perte possible de données
c:\program files\autodesk\softimage 2015 sp2\xsisdk\include\xsi_matrix3f.h(549): warning C4244: '+=' : conversion de 'double' en 'float', perte possible de données
c:\program files\autodesk\softimage 2015 sp2\xsisdk\include\xsi_vector3f.h(719): warning C4244: 'return' : conversion de 'double' en 'float', perte possible de données
c:\program files\autodesk\softimage 2015 sp2\xsisdk\include\xsi_vector3f.h(985): warning C4244: 'return' : conversion de 'double' en 'float', perte possible de données
c:\program files\autodesk\softimage 2015 sp2\xsisdk\include\xsi_vector3f.h(994): warning C4244: 'argument' : conversion de 'double' en 'const float', perte possible de données
c:\program files\autodesk\softimage 2015 sp2\xsisdk\include\xsi_vector3f.h(1002): warning C4244: '=' : conversion de 'double' en 'float', perte possible de données
c:\program files\autodesk\softimage 2015 sp2\xsisdk\include\xsi_vector3f.h(1003): warning C4244: '=' : conversion de 'double' en 'float', perte possible de données
c:\program files\autodesk\softimage 2015 sp2\xsisdk\include\xsi_vector3f.h(1004): warning C4244: '=' : conversion de 'double' en 'float', perte possible de données
c:\program files\autodesk\softimage 2015 sp2\xsisdk\include\xsi_vector4f.h(680): warning C4244: '=' : conversion de 'double' en 'float', perte possible de données
c:\program files\autodesk\softimage 2015 sp2\xsisdk\include\xsi_vector4f.h(681): warning C4244: '=' : conversion de 'double' en 'float', perte possible de données
c:\program files\autodesk\softimage 2015 sp2\xsisdk\include\xsi_vector4f.h(682): warning C4244: '=' : conversion de 'double' en 'float', perte possible de données
c:\program files\autodesk\softimage 2015 sp2\xsisdk\include\xsi_vector4f.h(683): warning C4244: '=' : conversion de 'double' en 'float', perte possible de données
c:\program files\autodesk\softimage 2015 sp2\xsisdk\include\xsi_vector4f.h(702): warning C4244: 'return' : conversion de 'double' en 'float', perte possible de données
c:\program files\autodesk\softimage 2015 sp2\xsisdk\include\xsi_quaternionf.h(518): warning C4244: 'return' : conversion de 'double' en 'float', perte possible de données
c:\program files\autodesk\softimage 2015 sp2\xsisdk\include\xsi_quaternionf.h(737): warning C4244: '=' : conversion de 'double' en 'float', perte possible de données
c:\program files\autodesk\softimage 2015 sp2\xsisdk\include\xsi_quaternionf.h(781): warning C4244: '=' : conversion de 'double' en 'float', perte possible de données
c:\program files\autodesk\softimage 2015 sp2\xsisdk\include\xsi_quaternionf.h(782): warning C4244: '=' : conversion de 'double' en 'float', perte possible de données
c:\program files\autodesk\softimage 2015 sp2\xsisdk\include\xsi_quaternionf.h(784): warning C4244: '=' : conversion de 'double' en 'float', perte possible de données
c:\program files\autodesk\softimage 2015 sp2\xsisdk\include\xsi_quaternionf.h(785): warning C4244: '=' : conversion de 'double' en 'float', perte possible de données
c:\program files\autodesk\softimage 2015 sp2\xsisdk\include\xsi_rotationf.h(842): warning C4244: '=' : conversion de 'double' en 'float', perte possible de données
c:\program files\autodesk\softimage 2015 sp2\xsisdk\include\xsi_rotationf.h(843): warning C4244: '=' : conversion de 'double' en 'float', perte possible de données
  HairGeometryChecker.cpp
c:\program files\autodesk\softimage 2015 sp2\xsisdk\include\xsi_vector2f.h(310): warning C4244: 'return' : conversion de 'double' en 'float', perte possible de données
c:\program files\autodesk\softimage 2015 sp2\xsisdk\include\xsi_matrix3f.h(529): warning C4244: '+=' : conversion de 'double' en 'float', perte possible de données
c:\program files\autodesk\softimage 2015 sp2\xsisdk\include\xsi_matrix3f.h(533): warning C4244: '+=' : conversion de 'double' en 'float', perte possible de données
c:\program files\autodesk\softimage 2015 sp2\xsisdk\include\xsi_matrix3f.h(537): warning C4244: '+=' : conversion de 'double' en 'float', perte possible de données
c:\program files\autodesk\softimage 2015 sp2\xsisdk\include\xsi_matrix3f.h(541): warning C4244: '+=' : conversion de 'double' en 'float', perte possible de données
c:\program files\autodesk\softimage 2015 sp2\xsisdk\include\xsi_matrix3f.h(545): warning C4244: '+=' : conversion de 'double' en 'float', perte possible de données
c:\program files\autodesk\softimage 2015 sp2\xsisdk\include\xsi_matrix3f.h(549): warning C4244: '+=' : conversion de 'double' en 'float', perte possible de données
c:\program files\autodesk\softimage 2015 sp2\xsisdk\include\xsi_vector3f.h(719): warning C4244: 'return' : conversion de 'double' en 'float', perte possible de données
c:\program files\autodesk\softimage 2015 sp2\xsisdk\include\xsi_vector3f.h(985): warning C4244: 'return' : conversion de 'double' en 'float', perte possible de données
c:\program files\autodesk\softimage 2015 sp2\xsisdk\include\xsi_vector3f.h(994): warning C4244: 'argument' : conversion de 'double' en 'const float', perte possible de données
c:\program files\autodesk\softimage 2015 sp2\xsisdk\include\xsi_vector3f.h(1002): warning C4244: '=' : conversion de 'double' en 'float', perte possible de données
c:\program files\autodesk\softimage 2015 sp2\xsisdk\include\xsi_vector3f.h(1003): warning C4244: '=' : conversion de 'double' en 'float', perte possible de données
c:\program files\autodesk\softimage 2015 sp2\xsisdk\include\xsi_vector3f.h(1004): warning C4244: '=' : conversion de 'double' en 'float', perte possible de données
c:\program files\autodesk\softimage 2015 sp2\xsisdk\include\xsi_vector4f.h(680): warning C4244: '=' : conversion de 'double' en 'float', perte possible de données
c:\program files\autodesk\softimage 2015 sp2\xsisdk\include\xsi_vector4f.h(681): warning C4244: '=' : conversion de 'double' en 'float', perte possible de données
c:\program files\autodesk\softimage 2015 sp2\xsisdk\include\xsi_vector4f.h(682): warning C4244: '=' : conversion de 'double' en 'float', perte possible de données
c:\program files\autodesk\softimage 2015 sp2\xsisdk\include\xsi_vector4f.h(683): warning C4244: '=' : conversion de 'double' en 'float', perte possible de données
c:\program files\autodesk\softimage 2015 sp2\xsisdk\include\xsi_vector4f.h(702): warning C4244: 'return' : conversion de 'double' en 'float', perte possible de données
c:\program files\autodesk\softimage 2015 sp2\xsisdk\include\xsi_quaternionf.h(518): warning C4244: 'return' : conversion de 'double' en 'float', perte possible de données
c:\program files\autodesk\softimage 2015 sp2\xsisdk\include\xsi_quaternionf.h(737): warning C4244: '=' : conversion de 'double' en 'float', perte possible de données
c:\program files\autodesk\softimage 2015 sp2\xsisdk\include\xsi_quaternionf.h(781): warning C4244: '=' : conversion de 'double' en 'float', perte possible de données
c:\program files\autodesk\softimage 2015 sp2\xsisdk\include\xsi_quaternionf.h(782): warning C4244: '=' : conversion de 'double' en 'float', perte possible de données
c:\program files\autodesk\softimage 2015 sp2\xsisdk\include\xsi_quaternionf.h(784): warning C4244: '=' : conversion de 'double' en 'float', perte possible de données
c:\program files\autodesk\softimage 2015 sp2\xsisdk\include\xsi_quaternionf.h(785): warning C4244: '=' : conversion de 'double' en 'float', perte possible de données
c:\program files\autodesk\softimage 2015 sp2\xsisdk\include\xsi_rotationf.h(842): warning C4244: '=' : conversion de 'double' en 'float', perte possible de données
c:\program files\autodesk\softimage 2015 sp2\xsisdk\include\xsi_rotationf.h(843): warning C4244: '=' : conversion de 'double' en 'float', perte possible de données
  HairGuide.cpp
c:\program files\autodesk\softimage 2015 sp2\xsisdk\include\xsi_vector2f.h(310): warning C4244: 'return' : conversion de 'double' en 'float', perte possible de données
c:\program files\autodesk\softimage 2015 sp2\xsisdk\include\xsi_matrix3f.h(529): warning C4244: '+=' : conversion de 'double' en 'float', perte possible de données
c:\program files\autodesk\softimage 2015 sp2\xsisdk\include\xsi_matrix3f.h(533): warning C4244: '+=' : conversion de 'double' en 'float', perte possible de données
c:\program files\autodesk\softimage 2015 sp2\xsisdk\include\xsi_matrix3f.h(537): warning C4244: '+=' : conversion de 'double' en 'float', perte possible de données
c:\program files\autodesk\softimage 2015 sp2\xsisdk\include\xsi_matrix3f.h(541): warning C4244: '+=' : conversion de 'double' en 'float', perte possible de données
c:\program files\autodesk\softimage 2015 sp2\xsisdk\include\xsi_matrix3f.h(545): warning C4244: '+=' : conversion de 'double' en 'float', perte possible de données
c:\program files\autodesk\softimage 2015 sp2\xsisdk\include\xsi_matrix3f.h(549): warning C4244: '+=' : conversion de 'double' en 'float', perte possible de données
c:\program files\autodesk\softimage 2015 sp2\xsisdk\include\xsi_vector3f.h(719): warning C4244: 'return' : conversion de 'double' en 'float', perte possible de données
c:\program files\autodesk\softimage 2015 sp2\xsisdk\include\xsi_vector3f.h(985): warning C4244: 'return' : conversion de 'double' en 'float', perte possible de données
c:\program files\autodesk\softimage 2015 sp2\xsisdk\include\xsi_vector3f.h(994): warning C4244: 'argument' : conversion de 'double' en 'const float', perte possible de données
c:\program files\autodesk\softimage 2015 sp2\xsisdk\include\xsi_vector3f.h(1002): warning C4244: '=' : conversion de 'double' en 'float', perte possible de données
c:\program files\autodesk\softimage 2015 sp2\xsisdk\include\xsi_vector3f.h(1003): warning C4244: '=' : conversion de 'double' en 'float', perte possible de données
c:\program files\autodesk\softimage 2015 sp2\xsisdk\include\xsi_vector3f.h(1004): warning C4244: '=' : conversion de 'double' en 'float', perte possible de données
c:\program files\autodesk\softimage 2015 sp2\xsisdk\include\xsi_vector4f.h(680): warning C4244: '=' : conversion de 'double' en 'float', perte possible de données
c:\program files\autodesk\softimage 2015 sp2\xsisdk\include\xsi_vector4f.h(681): warning C4244: '=' : conversion de 'double' en 'float', perte possible de données
c:\program files\autodesk\softimage 2015 sp2\xsisdk\include\xsi_vector4f.h(682): warning C4244: '=' : conversion de 'double' en 'float', perte possible de données
c:\program files\autodesk\softimage 2015 sp2\xsisdk\include\xsi_vector4f.h(683): warning C4244: '=' : conversion de 'double' en 'float', perte possible de données
c:\program files\autodesk\softimage 2015 sp2\xsisdk\include\xsi_vector4f.h(702): warning C4244: 'return' : conversion de 'double' en 'float', perte possible de données
c:\program files\autodesk\softimage 2015 sp2\xsisdk\include\xsi_quaternionf.h(518): warning C4244: 'return' : conversion de 'double' en 'float', perte possible de données
c:\program files\autodesk\softimage 2015 sp2\xsisdk\include\xsi_quaternionf.h(737): warning C4244: '=' : conversion de 'double' en 'float', perte possible de données
c:\program files\autodesk\softimage 2015 sp2\xsisdk\include\xsi_quaternionf.h(781): warning C4244: '=' : conversion de 'double' en 'float', perte possible de données
c:\program files\autodesk\softimage 2015 sp2\xsisdk\include\xsi_quaternionf.h(782): warning C4244: '=' : conversion de 'double' en 'float', perte possible de données
c:\program files\autodesk\softimage 2015 sp2\xsisdk\include\xsi_quaternionf.h(784): warning C4244: '=' : conversion de 'double' en 'float', perte possible de données
c:\program files\autodesk\softimage 2015 sp2\xsisdk\include\xsi_quaternionf.h(785): warning C4244: '=' : conversion de 'double' en 'float', perte possible de données
c:\program files\autodesk\softimage 2015 sp2\xsisdk\include\xsi_rotationf.h(842): warning C4244: '=' : conversion de 'double' en 'float', perte possible de données
c:\program files\autodesk\softimage 2015 sp2\xsisdk\include\xsi_rotationf.h(843): warning C4244: '=' : conversion de 'double' en 'float', perte possible de données
e:\projects\rnd\bworkgroup\application\plugins\icehair\hairguide.cpp(138): warning C4267: 'initialisation' : conversion de 'size_t' en 'int', perte possible de données
e:\projects\rnd\bworkgroup\application\plugins\icehair\hairguide.cpp(148): warning C4244: 'argument' : conversion de 'float' en 'const unsigned __int64', perte possible de données
e:\projects\rnd\bworkgroup\application\plugins\icehair\hairguide.cpp(153): warning C4244: 'argument' : conversion de 'float' en 'const unsigned __int64', perte possible de données
e:\projects\rnd\bworkgroup\application\plugins\icehair\hairguide.cpp(158): warning C4244: 'argument' : conversion de 'float' en 'const unsigned __int64', perte possible de données
  HairGuideTriangle.cpp
c:\program files\autodesk\softimage 2015 sp2\xsisdk\include\xsi_vector2f.h(310): warning C4244: 'return' : conversion de 'double' en 'float', perte possible de données
c:\program files\autodesk\softimage 2015 sp2\xsisdk\include\xsi_matrix3f.h(529): warning C4244: '+=' : conversion de 'double' en 'float', perte possible de données
c:\program files\autodesk\softimage 2015 sp2\xsisdk\include\xsi_matrix3f.h(533): warning C4244: '+=' : conversion de 'double' en 'float', perte possible de données
c:\program files\autodesk\softimage 2015 sp2\xsisdk\include\xsi_matrix3f.h(537): warning C4244: '+=' : conversion de 'double' en 'float', perte possible de données
c:\program files\autodesk\softimage 2015 sp2\xsisdk\include\xsi_matrix3f.h(541): warning C4244: '+=' : conversion de 'double' en 'float', perte possible de données
c:\program files\autodesk\softimage 2015 sp2\xsisdk\include\xsi_matrix3f.h(545): warning C4244: '+=' : conversion de 'double' en 'float', perte possible de données
c:\program files\autodesk\softimage 2015 sp2\xsisdk\include\xsi_matrix3f.h(549): warning C4244: '+=' : conversion de 'double' en 'float', perte possible de données
c:\program files\autodesk\softimage 2015 sp2\xsisdk\include\xsi_vector3f.h(719): warning C4244: 'return' : conversion de 'double' en 'float', perte possible de données
c:\program files\autodesk\softimage 2015 sp2\xsisdk\include\xsi_vector3f.h(985): warning C4244: 'return' : conversion de 'double' en 'float', perte possible de données
c:\program files\autodesk\softimage 2015 sp2\xsisdk\include\xsi_vector3f.h(994): warning C4244: 'argument' : conversion de 'double' en 'const float', perte possible de données
c:\program files\autodesk\softimage 2015 sp2\xsisdk\include\xsi_vector3f.h(1002): warning C4244: '=' : conversion de 'double' en 'float', perte possible de données
c:\program files\autodesk\softimage 2015 sp2\xsisdk\include\xsi_vector3f.h(1003): warning C4244: '=' : conversion de 'double' en 'float', perte possible de données
c:\program files\autodesk\softimage 2015 sp2\xsisdk\include\xsi_vector3f.h(1004): warning C4244: '=' : conversion de 'double' en 'float', perte possible de données
c:\program files\autodesk\softimage 2015 sp2\xsisdk\include\xsi_vector4f.h(680): warning C4244: '=' : conversion de 'double' en 'float', perte possible de données
c:\program files\autodesk\softimage 2015 sp2\xsisdk\include\xsi_vector4f.h(681): warning C4244: '=' : conversion de 'double' en 'float', perte possible de données
c:\program files\autodesk\softimage 2015 sp2\xsisdk\include\xsi_vector4f.h(682): warning C4244: '=' : conversion de 'double' en 'float', perte possible de données
c:\program files\autodesk\softimage 2015 sp2\xsisdk\include\xsi_vector4f.h(683): warning C4244: '=' : conversion de 'double' en 'float', perte possible de données
c:\program files\autodesk\softimage 2015 sp2\xsisdk\include\xsi_vector4f.h(702): warning C4244: 'return' : conversion de 'double' en 'float', perte possible de données
c:\program files\autodesk\softimage 2015 sp2\xsisdk\include\xsi_quaternionf.h(518): warning C4244: 'return' : conversion de 'double' en 'float', perte possible de données
c:\program files\autodesk\softimage 2015 sp2\xsisdk\include\xsi_quaternionf.h(737): warning C4244: '=' : conversion de 'double' en 'float', perte possible de données
c:\program files\autodesk\softimage 2015 sp2\xsisdk\include\xsi_quaternionf.h(781): warning C4244: '=' : conversion de 'double' en 'float', perte possible de données
c:\program files\autodesk\softimage 2015 sp2\xsisdk\include\xsi_quaternionf.h(782): warning C4244: '=' : conversion de 'double' en 'float', perte possible de données
c:\program files\autodesk\softimage 2015 sp2\xsisdk\include\xsi_quaternionf.h(784): warning C4244: '=' : conversion de 'double' en 'float', perte possible de données
c:\program files\autodesk\softimage 2015 sp2\xsisdk\include\xsi_quaternionf.h(785): warning C4244: '=' : conversion de 'double' en 'float', perte possible de données
c:\program files\autodesk\softimage 2015 sp2\xsisdk\include\xsi_rotationf.h(842): warning C4244: '=' : conversion de 'double' en 'float', perte possible de données
c:\program files\autodesk\softimage 2015 sp2\xsisdk\include\xsi_rotationf.h(843): warning C4244: '=' : conversion de 'double' en 'float', perte possible de données
  HairMeshData.cpp
c:\program files\autodesk\softimage 2015 sp2\xsisdk\include\xsi_vector2f.h(310): warning C4244: 'return' : conversion de 'double' en 'float', perte possible de données
c:\program files\autodesk\softimage 2015 sp2\xsisdk\include\xsi_matrix3f.h(529): warning C4244: '+=' : conversion de 'double' en 'float', perte possible de données
c:\program files\autodesk\softimage 2015 sp2\xsisdk\include\xsi_matrix3f.h(533): warning C4244: '+=' : conversion de 'double' en 'float', perte possible de données
c:\program files\autodesk\softimage 2015 sp2\xsisdk\include\xsi_matrix3f.h(537): warning C4244: '+=' : conversion de 'double' en 'float', perte possible de données
c:\program files\autodesk\softimage 2015 sp2\xsisdk\include\xsi_matrix3f.h(541): warning C4244: '+=' : conversion de 'double' en 'float', perte possible de données
c:\program files\autodesk\softimage 2015 sp2\xsisdk\include\xsi_matrix3f.h(545): warning C4244: '+=' : conversion de 'double' en 'float', perte possible de données
c:\program files\autodesk\softimage 2015 sp2\xsisdk\include\xsi_matrix3f.h(549): warning C4244: '+=' : conversion de 'double' en 'float', perte possible de données
c:\program files\autodesk\softimage 2015 sp2\xsisdk\include\xsi_vector3f.h(719): warning C4244: 'return' : conversion de 'double' en 'float', perte possible de données
c:\program files\autodesk\softimage 2015 sp2\xsisdk\include\xsi_vector3f.h(985): warning C4244: 'return' : conversion de 'double' en 'float', perte possible de données
c:\program files\autodesk\softimage 2015 sp2\xsisdk\include\xsi_vector3f.h(994): warning C4244: 'argument' : conversion de 'double' en 'const float', perte possible de données
c:\program files\autodesk\softimage 2015 sp2\xsisdk\include\xsi_vector3f.h(1002): warning C4244: '=' : conversion de 'double' en 'float', perte possible de données
c:\program files\autodesk\softimage 2015 sp2\xsisdk\include\xsi_vector3f.h(1003): warning C4244: '=' : conversion de 'double' en 'float', perte possible de données
c:\program files\autodesk\softimage 2015 sp2\xsisdk\include\xsi_vector3f.h(1004): warning C4244: '=' : conversion de 'double' en 'float', perte possible de données
c:\program files\autodesk\softimage 2015 sp2\xsisdk\include\xsi_vector4f.h(680): warning C4244: '=' : conversion de 'double' en 'float', perte possible de données
c:\program files\autodesk\softimage 2015 sp2\xsisdk\include\xsi_vector4f.h(681): warning C4244: '=' : conversion de 'double' en 'float', perte possible de données
c:\program files\autodesk\softimage 2015 sp2\xsisdk\include\xsi_vector4f.h(682): warning C4244: '=' : conversion de 'double' en 'float', perte possible de données
c:\program files\autodesk\softimage 2015 sp2\xsisdk\include\xsi_vector4f.h(683): warning C4244: '=' : conversion de 'double' en 'float', perte possible de données
c:\program files\autodesk\softimage 2015 sp2\xsisdk\include\xsi_vector4f.h(702): warning C4244: 'return' : conversion de 'double' en 'float', perte possible de données
c:\program files\autodesk\softimage 2015 sp2\xsisdk\include\xsi_quaternionf.h(518): warning C4244: 'return' : conversion de 'double' en 'float', perte possible de données
c:\program files\autodesk\softimage 2015 sp2\xsisdk\include\xsi_quaternionf.h(737): warning C4244: '=' : conversion de 'double' en 'float', perte possible de données
c:\program files\autodesk\softimage 2015 sp2\xsisdk\include\xsi_quaternionf.h(781): warning C4244: '=' : conversion de 'double' en 'float', perte possible de données
c:\program files\autodesk\softimage 2015 sp2\xsisdk\include\xsi_quaternionf.h(782): warning C4244: '=' : conversion de 'double' en 'float', perte possible de données
c:\program files\autodesk\softimage 2015 sp2\xsisdk\include\xsi_quaternionf.h(784): warning C4244: '=' : conversion de 'double' en 'float', perte possible de données
c:\program files\autodesk\softimage 2015 sp2\xsisdk\include\xsi_quaternionf.h(785): warning C4244: '=' : conversion de 'double' en 'float', perte possible de données
c:\program files\autodesk\softimage 2015 sp2\xsisdk\include\xsi_rotationf.h(842): warning C4244: '=' : conversion de 'double' en 'float', perte possible de données
c:\program files\autodesk\softimage 2015 sp2\xsisdk\include\xsi_rotationf.h(843): warning C4244: '=' : conversion de 'double' en 'float', perte possible de données
  HairRegister.cpp
c:\program files\autodesk\softimage 2015 sp2\xsisdk\include\xsi_vector2f.h(310): warning C4244: 'return' : conversion de 'double' en 'float', perte possible de données
c:\program files\autodesk\softimage 2015 sp2\xsisdk\include\xsi_matrix3f.h(529): warning C4244: '+=' : conversion de 'double' en 'float', perte possible de données
c:\program files\autodesk\softimage 2015 sp2\xsisdk\include\xsi_matrix3f.h(533): warning C4244: '+=' : conversion de 'double' en 'float', perte possible de données
c:\program files\autodesk\softimage 2015 sp2\xsisdk\include\xsi_matrix3f.h(537): warning C4244: '+=' : conversion de 'double' en 'float', perte possible de données
c:\program files\autodesk\softimage 2015 sp2\xsisdk\include\xsi_matrix3f.h(541): warning C4244: '+=' : conversion de 'double' en 'float', perte possible de données
c:\program files\autodesk\softimage 2015 sp2\xsisdk\include\xsi_matrix3f.h(545): warning C4244: '+=' : conversion de 'double' en 'float', perte possible de données
c:\program files\autodesk\softimage 2015 sp2\xsisdk\include\xsi_matrix3f.h(549): warning C4244: '+=' : conversion de 'double' en 'float', perte possible de données
c:\program files\autodesk\softimage 2015 sp2\xsisdk\include\xsi_vector3f.h(719): warning C4244: 'return' : conversion de 'double' en 'float', perte possible de données
c:\program files\autodesk\softimage 2015 sp2\xsisdk\include\xsi_vector3f.h(985): warning C4244: 'return' : conversion de 'double' en 'float', perte possible de données
c:\program files\autodesk\softimage 2015 sp2\xsisdk\include\xsi_vector3f.h(994): warning C4244: 'argument' : conversion de 'double' en 'const float', perte possible de données
c:\program files\autodesk\softimage 2015 sp2\xsisdk\include\xsi_vector3f.h(1002): warning C4244: '=' : conversion de 'double' en 'float', perte possible de données
c:\program files\autodesk\softimage 2015 sp2\xsisdk\include\xsi_vector3f.h(1003): warning C4244: '=' : conversion de 'double' en 'float', perte possible de données
c:\program files\autodesk\softimage 2015 sp2\xsisdk\include\xsi_vector3f.h(1004): warning C4244: '=' : conversion de 'double' en 'float', perte possible de données
c:\program files\autodesk\softimage 2015 sp2\xsisdk\include\xsi_vector4f.h(680): warning C4244: '=' : conversion de 'double' en 'float', perte possible de données
c:\program files\autodesk\softimage 2015 sp2\xsisdk\include\xsi_vector4f.h(681): warning C4244: '=' : conversion de 'double' en 'float', perte possible de données
c:\program files\autodesk\softimage 2015 sp2\xsisdk\include\xsi_vector4f.h(682): warning C4244: '=' : conversion de 'double' en 'float', perte possible de données
c:\program files\autodesk\softimage 2015 sp2\xsisdk\include\xsi_vector4f.h(683): warning C4244: '=' : conversion de 'double' en 'float', perte possible de données
c:\program files\autodesk\softimage 2015 sp2\xsisdk\include\xsi_vector4f.h(702): warning C4244: 'return' : conversion de 'double' en 'float', perte possible de données
c:\program files\autodesk\softimage 2015 sp2\xsisdk\include\xsi_quaternionf.h(518): warning C4244: 'return' : conversion de 'double' en 'float', perte possible de données
c:\program files\autodesk\softimage 2015 sp2\xsisdk\include\xsi_quaternionf.h(737): warning C4244: '=' : conversion de 'double' en 'float', perte possible de données
c:\program files\autodesk\softimage 2015 sp2\xsisdk\include\xsi_quaternionf.h(781): warning C4244: '=' : conversion de 'double' en 'float', perte possible de données
c:\program files\autodesk\softimage 2015 sp2\xsisdk\include\xsi_quaternionf.h(782): warning C4244: '=' : conversion de 'double' en 'float', perte possible de données
c:\program files\autodesk\softimage 2015 sp2\xsisdk\include\xsi_quaternionf.h(784): warning C4244: '=' : conversion de 'double' en 'float', perte possible de données
c:\program files\autodesk\softimage 2015 sp2\xsisdk\include\xsi_quaternionf.h(785): warning C4244: '=' : conversion de 'double' en 'float', perte possible de données
c:\program files\autodesk\softimage 2015 sp2\xsisdk\include\xsi_rotationf.h(842): warning C4244: '=' : conversion de 'double' en 'float', perte possible de données
c:\program files\autodesk\softimage 2015 sp2\xsisdk\include\xsi_rotationf.h(843): warning C4244: '=' : conversion de 'double' en 'float', perte possible de données
  HairSkeletonPoints.cpp
c:\program files\autodesk\softimage 2015 sp2\xsisdk\include\xsi_vector2f.h(310): warning C4244: 'return' : conversion de 'double' en 'float', perte possible de données
c:\program files\autodesk\softimage 2015 sp2\xsisdk\include\xsi_matrix3f.h(529): warning C4244: '+=' : conversion de 'double' en 'float', perte possible de données
c:\program files\autodesk\softimage 2015 sp2\xsisdk\include\xsi_matrix3f.h(533): warning C4244: '+=' : conversion de 'double' en 'float', perte possible de données
c:\program files\autodesk\softimage 2015 sp2\xsisdk\include\xsi_matrix3f.h(537): warning C4244: '+=' : conversion de 'double' en 'float', perte possible de données
c:\program files\autodesk\softimage 2015 sp2\xsisdk\include\xsi_matrix3f.h(541): warning C4244: '+=' : conversion de 'double' en 'float', perte possible de données
c:\program files\autodesk\softimage 2015 sp2\xsisdk\include\xsi_matrix3f.h(545): warning C4244: '+=' : conversion de 'double' en 'float', perte possible de données
c:\program files\autodesk\softimage 2015 sp2\xsisdk\include\xsi_matrix3f.h(549): warning C4244: '+=' : conversion de 'double' en 'float', perte possible de données
c:\program files\autodesk\softimage 2015 sp2\xsisdk\include\xsi_vector3f.h(719): warning C4244: 'return' : conversion de 'double' en 'float', perte possible de données
c:\program files\autodesk\softimage 2015 sp2\xsisdk\include\xsi_vector3f.h(985): warning C4244: 'return' : conversion de 'double' en 'float', perte possible de données
c:\program files\autodesk\softimage 2015 sp2\xsisdk\include\xsi_vector3f.h(994): warning C4244: 'argument' : conversion de 'double' en 'const float', perte possible de données
c:\program files\autodesk\softimage 2015 sp2\xsisdk\include\xsi_vector3f.h(1002): warning C4244: '=' : conversion de 'double' en 'float', perte possible de données
c:\program files\autodesk\softimage 2015 sp2\xsisdk\include\xsi_vector3f.h(1003): warning C4244: '=' : conversion de 'double' en 'float', perte possible de données
c:\program files\autodesk\softimage 2015 sp2\xsisdk\include\xsi_vector3f.h(1004): warning C4244: '=' : conversion de 'double' en 'float', perte possible de données
c:\program files\autodesk\softimage 2015 sp2\xsisdk\include\xsi_vector4f.h(680): warning C4244: '=' : conversion de 'double' en 'float', perte possible de données
c:\program files\autodesk\softimage 2015 sp2\xsisdk\include\xsi_vector4f.h(681): warning C4244: '=' : conversion de 'double' en 'float', perte possible de données
c:\program files\autodesk\softimage 2015 sp2\xsisdk\include\xsi_vector4f.h(682): warning C4244: '=' : conversion de 'double' en 'float', perte possible de données
c:\program files\autodesk\softimage 2015 sp2\xsisdk\include\xsi_vector4f.h(683): warning C4244: '=' : conversion de 'double' en 'float', perte possible de données
c:\program files\autodesk\softimage 2015 sp2\xsisdk\include\xsi_vector4f.h(702): warning C4244: 'return' : conversion de 'double' en 'float', perte possible de données
c:\program files\autodesk\softimage 2015 sp2\xsisdk\include\xsi_quaternionf.h(518): warning C4244: 'return' : conversion de 'double' en 'float', perte possible de données
c:\program files\autodesk\softimage 2015 sp2\xsisdk\include\xsi_quaternionf.h(737): warning C4244: '=' : conversion de 'double' en 'float', perte possible de données
c:\program files\autodesk\softimage 2015 sp2\xsisdk\include\xsi_quaternionf.h(781): warning C4244: '=' : conversion de 'double' en 'float', perte possible de données
c:\program files\autodesk\softimage 2015 sp2\xsisdk\include\xsi_quaternionf.h(782): warning C4244: '=' : conversion de 'double' en 'float', perte possible de données
c:\program files\autodesk\softimage 2015 sp2\xsisdk\include\xsi_quaternionf.h(784): warning C4244: '=' : conversion de 'double' en 'float', perte possible de données
c:\program files\autodesk\softimage 2015 sp2\xsisdk\include\xsi_quaternionf.h(785): warning C4244: '=' : conversion de 'double' en 'float', perte possible de données
c:\program files\autodesk\softimage 2015 sp2\xsisdk\include\xsi_rotationf.h(842): warning C4244: '=' : conversion de 'double' en 'float', perte possible de données
c:\program files\autodesk\softimage 2015 sp2\xsisdk\include\xsi_rotationf.h(843): warning C4244: '=' : conversion de 'double' en 'float', perte possible de données
  HairSkeletonRoot.cpp
c:\program files\autodesk\softimage 2015 sp2\xsisdk\include\xsi_vector2f.h(310): warning C4244: 'return' : conversion de 'double' en 'float', perte possible de données
c:\program files\autodesk\softimage 2015 sp2\xsisdk\include\xsi_matrix3f.h(529): warning C4244: '+=' : conversion de 'double' en 'float', perte possible de données
c:\program files\autodesk\softimage 2015 sp2\xsisdk\include\xsi_matrix3f.h(533): warning C4244: '+=' : conversion de 'double' en 'float', perte possible de données
c:\program files\autodesk\softimage 2015 sp2\xsisdk\include\xsi_matrix3f.h(537): warning C4244: '+=' : conversion de 'double' en 'float', perte possible de données
c:\program files\autodesk\softimage 2015 sp2\xsisdk\include\xsi_matrix3f.h(541): warning C4244: '+=' : conversion de 'double' en 'float', perte possible de données
c:\program files\autodesk\softimage 2015 sp2\xsisdk\include\xsi_matrix3f.h(545): warning C4244: '+=' : conversion de 'double' en 'float', perte possible de données
c:\program files\autodesk\softimage 2015 sp2\xsisdk\include\xsi_matrix3f.h(549): warning C4244: '+=' : conversion de 'double' en 'float', perte possible de données
c:\program files\autodesk\softimage 2015 sp2\xsisdk\include\xsi_vector3f.h(719): warning C4244: 'return' : conversion de 'double' en 'float', perte possible de données
c:\program files\autodesk\softimage 2015 sp2\xsisdk\include\xsi_vector3f.h(985): warning C4244: 'return' : conversion de 'double' en 'float', perte possible de données
c:\program files\autodesk\softimage 2015 sp2\xsisdk\include\xsi_vector3f.h(994): warning C4244: 'argument' : conversion de 'double' en 'const float', perte possible de données
c:\program files\autodesk\softimage 2015 sp2\xsisdk\include\xsi_vector3f.h(1002): warning C4244: '=' : conversion de 'double' en 'float', perte possible de données
c:\program files\autodesk\softimage 2015 sp2\xsisdk\include\xsi_vector3f.h(1003): warning C4244: '=' : conversion de 'double' en 'float', perte possible de données
c:\program files\autodesk\softimage 2015 sp2\xsisdk\include\xsi_vector3f.h(1004): warning C4244: '=' : conversion de 'double' en 'float', perte possible de données
c:\program files\autodesk\softimage 2015 sp2\xsisdk\include\xsi_vector4f.h(680): warning C4244: '=' : conversion de 'double' en 'float', perte possible de données
c:\program files\autodesk\softimage 2015 sp2\xsisdk\include\xsi_vector4f.h(681): warning C4244: '=' : conversion de 'double' en 'float', perte possible de données
c:\program files\autodesk\softimage 2015 sp2\xsisdk\include\xsi_vector4f.h(682): warning C4244: '=' : conversion de 'double' en 'float', perte possible de données
c:\program files\autodesk\softimage 2015 sp2\xsisdk\include\xsi_vector4f.h(683): warning C4244: '=' : conversion de 'double' en 'float', perte possible de données
c:\program files\autodesk\softimage 2015 sp2\xsisdk\include\xsi_vector4f.h(702): warning C4244: 'return' : conversion de 'double' en 'float', perte possible de données
c:\program files\autodesk\softimage 2015 sp2\xsisdk\include\xsi_quaternionf.h(518): warning C4244: 'return' : conversion de 'double' en 'float', perte possible de données
c:\program files\autodesk\softimage 2015 sp2\xsisdk\include\xsi_quaternionf.h(737): warning C4244: '=' : conversion de 'double' en 'float', perte possible de données
c:\program files\autodesk\softimage 2015 sp2\xsisdk\include\xsi_quaternionf.h(781): warning C4244: '=' : conversion de 'double' en 'float', perte possible de données
c:\program files\autodesk\softimage 2015 sp2\xsisdk\include\xsi_quaternionf.h(782): warning C4244: '=' : conversion de 'double' en 'float', perte possible de données
c:\program files\autodesk\softimage 2015 sp2\xsisdk\include\xsi_quaternionf.h(784): warning C4244: '=' : conversion de 'double' en 'float', perte possible de données
c:\program files\autodesk\softimage 2015 sp2\xsisdk\include\xsi_quaternionf.h(785): warning C4244: '=' : conversion de 'double' en 'float', perte possible de données
c:\program files\autodesk\softimage 2015 sp2\xsisdk\include\xsi_rotationf.h(842): warning C4244: '=' : conversion de 'double' en 'float', perte possible de données
c:\program files\autodesk\softimage 2015 sp2\xsisdk\include\xsi_rotationf.h(843): warning C4244: '=' : conversion de 'double' en 'float', perte possible de données
  HairSolver.cpp
c:\program files\autodesk\softimage 2015 sp2\xsisdk\include\xsi_vector2f.h(310): warning C4244: 'return' : conversion de 'double' en 'float', perte possible de données
c:\program files\autodesk\softimage 2015 sp2\xsisdk\include\xsi_matrix3f.h(529): warning C4244: '+=' : conversion de 'double' en 'float', perte possible de données
c:\program files\autodesk\softimage 2015 sp2\xsisdk\include\xsi_matrix3f.h(533): warning C4244: '+=' : conversion de 'double' en 'float', perte possible de données
c:\program files\autodesk\softimage 2015 sp2\xsisdk\include\xsi_matrix3f.h(537): warning C4244: '+=' : conversion de 'double' en 'float', perte possible de données
c:\program files\autodesk\softimage 2015 sp2\xsisdk\include\xsi_matrix3f.h(541): warning C4244: '+=' : conversion de 'double' en 'float', perte possible de données
c:\program files\autodesk\softimage 2015 sp2\xsisdk\include\xsi_matrix3f.h(545): warning C4244: '+=' : conversion de 'double' en 'float', perte possible de données
c:\program files\autodesk\softimage 2015 sp2\xsisdk\include\xsi_matrix3f.h(549): warning C4244: '+=' : conversion de 'double' en 'float', perte possible de données
c:\program files\autodesk\softimage 2015 sp2\xsisdk\include\xsi_vector3f.h(719): warning C4244: 'return' : conversion de 'double' en 'float', perte possible de données
c:\program files\autodesk\softimage 2015 sp2\xsisdk\include\xsi_vector3f.h(985): warning C4244: 'return' : conversion de 'double' en 'float', perte possible de données
c:\program files\autodesk\softimage 2015 sp2\xsisdk\include\xsi_vector3f.h(994): warning C4244: 'argument' : conversion de 'double' en 'const float', perte possible de données
c:\program files\autodesk\softimage 2015 sp2\xsisdk\include\xsi_vector3f.h(1002): warning C4244: '=' : conversion de 'double' en 'float', perte possible de données
c:\program files\autodesk\softimage 2015 sp2\xsisdk\include\xsi_vector3f.h(1003): warning C4244: '=' : conversion de 'double' en 'float', perte possible de données
c:\program files\autodesk\softimage 2015 sp2\xsisdk\include\xsi_vector3f.h(1004): warning C4244: '=' : conversion de 'double' en 'float', perte possible de données
c:\program files\autodesk\softimage 2015 sp2\xsisdk\include\xsi_vector4f.h(680): warning C4244: '=' : conversion de 'double' en 'float', perte possible de données
c:\program files\autodesk\softimage 2015 sp2\xsisdk\include\xsi_vector4f.h(681): warning C4244: '=' : conversion de 'double' en 'float', perte possible de données
c:\program files\autodesk\softimage 2015 sp2\xsisdk\include\xsi_vector4f.h(682): warning C4244: '=' : conversion de 'double' en 'float', perte possible de données
c:\program files\autodesk\softimage 2015 sp2\xsisdk\include\xsi_vector4f.h(683): warning C4244: '=' : conversion de 'double' en 'float', perte possible de données
c:\program files\autodesk\softimage 2015 sp2\xsisdk\include\xsi_vector4f.h(702): warning C4244: 'return' : conversion de 'double' en 'float', perte possible de données
c:\program files\autodesk\softimage 2015 sp2\xsisdk\include\xsi_quaternionf.h(518): warning C4244: 'return' : conversion de 'double' en 'float', perte possible de données
c:\program files\autodesk\softimage 2015 sp2\xsisdk\include\xsi_quaternionf.h(737): warning C4244: '=' : conversion de 'double' en 'float', perte possible de données
c:\program files\autodesk\softimage 2015 sp2\xsisdk\include\xsi_quaternionf.h(781): warning C4244: '=' : conversion de 'double' en 'float', perte possible de données
c:\program files\autodesk\softimage 2015 sp2\xsisdk\include\xsi_quaternionf.h(782): warning C4244: '=' : conversion de 'double' en 'float', perte possible de données
c:\program files\autodesk\softimage 2015 sp2\xsisdk\include\xsi_quaternionf.h(784): warning C4244: '=' : conversion de 'double' en 'float', perte possible de données
c:\program files\autodesk\softimage 2015 sp2\xsisdk\include\xsi_quaternionf.h(785): warning C4244: '=' : conversion de 'double' en 'float', perte possible de données
c:\program files\autodesk\softimage 2015 sp2\xsisdk\include\xsi_rotationf.h(842): warning C4244: '=' : conversion de 'double' en 'float', perte possible de données
c:\program files\autodesk\softimage 2015 sp2\xsisdk\include\xsi_rotationf.h(843): warning C4244: '=' : conversion de 'double' en 'float', perte possible de données
  HairStrandFitting.cpp
c:\program files\autodesk\softimage 2015 sp2\xsisdk\include\xsi_vector2f.h(310): warning C4244: 'return' : conversion de 'double' en 'float', perte possible de données
c:\program files\autodesk\softimage 2015 sp2\xsisdk\include\xsi_matrix3f.h(529): warning C4244: '+=' : conversion de 'double' en 'float', perte possible de données
c:\program files\autodesk\softimage 2015 sp2\xsisdk\include\xsi_matrix3f.h(533): warning C4244: '+=' : conversion de 'double' en 'float', perte possible de données
c:\program files\autodesk\softimage 2015 sp2\xsisdk\include\xsi_matrix3f.h(537): warning C4244: '+=' : conversion de 'double' en 'float', perte possible de données
c:\program files\autodesk\softimage 2015 sp2\xsisdk\include\xsi_matrix3f.h(541): warning C4244: '+=' : conversion de 'double' en 'float', perte possible de données
c:\program files\autodesk\softimage 2015 sp2\xsisdk\include\xsi_matrix3f.h(545): warning C4244: '+=' : conversion de 'double' en 'float', perte possible de données
c:\program files\autodesk\softimage 2015 sp2\xsisdk\include\xsi_matrix3f.h(549): warning C4244: '+=' : conversion de 'double' en 'float', perte possible de données
c:\program files\autodesk\softimage 2015 sp2\xsisdk\include\xsi_vector3f.h(719): warning C4244: 'return' : conversion de 'double' en 'float', perte possible de données
c:\program files\autodesk\softimage 2015 sp2\xsisdk\include\xsi_vector3f.h(985): warning C4244: 'return' : conversion de 'double' en 'float', perte possible de données
c:\program files\autodesk\softimage 2015 sp2\xsisdk\include\xsi_vector3f.h(994): warning C4244: 'argument' : conversion de 'double' en 'const float', perte possible de données
c:\program files\autodesk\softimage 2015 sp2\xsisdk\include\xsi_vector3f.h(1002): warning C4244: '=' : conversion de 'double' en 'float', perte possible de données
c:\program files\autodesk\softimage 2015 sp2\xsisdk\include\xsi_vector3f.h(1003): warning C4244: '=' : conversion de 'double' en 'float', perte possible de données
c:\program files\autodesk\softimage 2015 sp2\xsisdk\include\xsi_vector3f.h(1004): warning C4244: '=' : conversion de 'double' en 'float', perte possible de données
c:\program files\autodesk\softimage 2015 sp2\xsisdk\include\xsi_vector4f.h(680): warning C4244: '=' : conversion de 'double' en 'float', perte possible de données
c:\program files\autodesk\softimage 2015 sp2\xsisdk\include\xsi_vector4f.h(681): warning C4244: '=' : conversion de 'double' en 'float', perte possible de données
c:\program files\autodesk\softimage 2015 sp2\xsisdk\include\xsi_vector4f.h(682): warning C4244: '=' : conversion de 'double' en 'float', perte possible de données
c:\program files\autodesk\softimage 2015 sp2\xsisdk\include\xsi_vector4f.h(683): warning C4244: '=' : conversion de 'double' en 'float', perte possible de données
c:\program files\autodesk\softimage 2015 sp2\xsisdk\include\xsi_vector4f.h(702): warning C4244: 'return' : conversion de 'double' en 'float', perte possible de données
c:\program files\autodesk\softimage 2015 sp2\xsisdk\include\xsi_quaternionf.h(518): warning C4244: 'return' : conversion de 'double' en 'float', perte possible de données
c:\program files\autodesk\softimage 2015 sp2\xsisdk\include\xsi_quaternionf.h(737): warning C4244: '=' : conversion de 'double' en 'float', perte possible de données
c:\program files\autodesk\softimage 2015 sp2\xsisdk\include\xsi_quaternionf.h(781): warning C4244: '=' : conversion de 'double' en 'float', perte possible de données
c:\program files\autodesk\softimage 2015 sp2\xsisdk\include\xsi_quaternionf.h(782): warning C4244: '=' : conversion de 'double' en 'float', perte possible de données
c:\program files\autodesk\softimage 2015 sp2\xsisdk\include\xsi_quaternionf.h(784): warning C4244: '=' : conversion de 'double' en 'float', perte possible de données
c:\program files\autodesk\softimage 2015 sp2\xsisdk\include\xsi_quaternionf.h(785): warning C4244: '=' : conversion de 'double' en 'float', perte possible de données
c:\program files\autodesk\softimage 2015 sp2\xsisdk\include\xsi_rotationf.h(842): warning C4244: '=' : conversion de 'double' en 'float', perte possible de données
c:\program files\autodesk\softimage 2015 sp2\xsisdk\include\xsi_rotationf.h(843): warning C4244: '=' : conversion de 'double' en 'float', perte possible de données
  HairTriangleAreaSum.cpp
c:\program files\autodesk\softimage 2015 sp2\xsisdk\include\xsi_vector2f.h(310): warning C4244: 'return' : conversion de 'double' en 'float', perte possible de données
c:\program files\autodesk\softimage 2015 sp2\xsisdk\include\xsi_matrix3f.h(529): warning C4244: '+=' : conversion de 'double' en 'float', perte possible de données
c:\program files\autodesk\softimage 2015 sp2\xsisdk\include\xsi_matrix3f.h(533): warning C4244: '+=' : conversion de 'double' en 'float', perte possible de données
c:\program files\autodesk\softimage 2015 sp2\xsisdk\include\xsi_matrix3f.h(537): warning C4244: '+=' : conversion de 'double' en 'float', perte possible de données
c:\program files\autodesk\softimage 2015 sp2\xsisdk\include\xsi_matrix3f.h(541): warning C4244: '+=' : conversion de 'double' en 'float', perte possible de données
c:\program files\autodesk\softimage 2015 sp2\xsisdk\include\xsi_matrix3f.h(545): warning C4244: '+=' : conversion de 'double' en 'float', perte possible de données
c:\program files\autodesk\softimage 2015 sp2\xsisdk\include\xsi_matrix3f.h(549): warning C4244: '+=' : conversion de 'double' en 'float', perte possible de données
c:\program files\autodesk\softimage 2015 sp2\xsisdk\include\xsi_vector3f.h(719): warning C4244: 'return' : conversion de 'double' en 'float', perte possible de données
c:\program files\autodesk\softimage 2015 sp2\xsisdk\include\xsi_vector3f.h(985): warning C4244: 'return' : conversion de 'double' en 'float', perte possible de données
c:\program files\autodesk\softimage 2015 sp2\xsisdk\include\xsi_vector3f.h(994): warning C4244: 'argument' : conversion de 'double' en 'const float', perte possible de données
c:\program files\autodesk\softimage 2015 sp2\xsisdk\include\xsi_vector3f.h(1002): warning C4244: '=' : conversion de 'double' en 'float', perte possible de données
c:\program files\autodesk\softimage 2015 sp2\xsisdk\include\xsi_vector3f.h(1003): warning C4244: '=' : conversion de 'double' en 'float', perte possible de données
c:\program files\autodesk\softimage 2015 sp2\xsisdk\include\xsi_vector3f.h(1004): warning C4244: '=' : conversion de 'double' en 'float', perte possible de données
c:\program files\autodesk\softimage 2015 sp2\xsisdk\include\xsi_vector4f.h(680): warning C4244: '=' : conversion de 'double' en 'float', perte possible de données
c:\program files\autodesk\softimage 2015 sp2\xsisdk\include\xsi_vector4f.h(681): warning C4244: '=' : conversion de 'double' en 'float', perte possible de données
c:\program files\autodesk\softimage 2015 sp2\xsisdk\include\xsi_vector4f.h(682): warning C4244: '=' : conversion de 'double' en 'float', perte possible de données
c:\program files\autodesk\softimage 2015 sp2\xsisdk\include\xsi_vector4f.h(683): warning C4244: '=' : conversion de 'double' en 'float', perte possible de données
c:\program files\autodesk\softimage 2015 sp2\xsisdk\include\xsi_vector4f.h(702): warning C4244: 'return' : conversion de 'double' en 'float', perte possible de données
c:\program files\autodesk\softimage 2015 sp2\xsisdk\include\xsi_quaternionf.h(518): warning C4244: 'return' : conversion de 'double' en 'float', perte possible de données
c:\program files\autodesk\softimage 2015 sp2\xsisdk\include\xsi_quaternionf.h(737): warning C4244: '=' : conversion de 'double' en 'float', perte possible de données
c:\program files\autodesk\softimage 2015 sp2\xsisdk\include\xsi_quaternionf.h(781): warning C4244: '=' : conversion de 'double' en 'float', perte possible de données
c:\program files\autodesk\softimage 2015 sp2\xsisdk\include\xsi_quaternionf.h(782): warning C4244: '=' : conversion de 'double' en 'float', perte possible de données
c:\program files\autodesk\softimage 2015 sp2\xsisdk\include\xsi_quaternionf.h(784): warning C4244: '=' : conversion de 'double' en 'float', perte possible de données
c:\program files\autodesk\softimage 2015 sp2\xsisdk\include\xsi_quaternionf.h(785): warning C4244: '=' : conversion de 'double' en 'float', perte possible de données
c:\program files\autodesk\softimage 2015 sp2\xsisdk\include\xsi_rotationf.h(842): warning C4244: '=' : conversion de 'double' en 'float', perte possible de données
c:\program files\autodesk\softimage 2015 sp2\xsisdk\include\xsi_rotationf.h(843): warning C4244: '=' : conversion de 'double' en 'float', perte possible de données
  HairUpdateMeshData.cpp
c:\program files\autodesk\softimage 2015 sp2\xsisdk\include\xsi_vector2f.h(310): warning C4244: 'return' : conversion de 'double' en 'float', perte possible de données
c:\program files\autodesk\softimage 2015 sp2\xsisdk\include\xsi_matrix3f.h(529): warning C4244: '+=' : conversion de 'double' en 'float', perte possible de données
c:\program files\autodesk\softimage 2015 sp2\xsisdk\include\xsi_matrix3f.h(533): warning C4244: '+=' : conversion de 'double' en 'float', perte possible de données
c:\program files\autodesk\softimage 2015 sp2\xsisdk\include\xsi_matrix3f.h(537): warning C4244: '+=' : conversion de 'double' en 'float', perte possible de données
c:\program files\autodesk\softimage 2015 sp2\xsisdk\include\xsi_matrix3f.h(541): warning C4244: '+=' : conversion de 'double' en 'float', perte possible de données
c:\program files\autodesk\softimage 2015 sp2\xsisdk\include\xsi_matrix3f.h(545): warning C4244: '+=' : conversion de 'double' en 'float', perte possible de données
c:\program files\autodesk\softimage 2015 sp2\xsisdk\include\xsi_matrix3f.h(549): warning C4244: '+=' : conversion de 'double' en 'float', perte possible de données
c:\program files\autodesk\softimage 2015 sp2\xsisdk\include\xsi_vector3f.h(719): warning C4244: 'return' : conversion de 'double' en 'float', perte possible de données
c:\program files\autodesk\softimage 2015 sp2\xsisdk\include\xsi_vector3f.h(985): warning C4244: 'return' : conversion de 'double' en 'float', perte possible de données
c:\program files\autodesk\softimage 2015 sp2\xsisdk\include\xsi_vector3f.h(994): warning C4244: 'argument' : conversion de 'double' en 'const float', perte possible de données
c:\program files\autodesk\softimage 2015 sp2\xsisdk\include\xsi_vector3f.h(1002): warning C4244: '=' : conversion de 'double' en 'float', perte possible de données
c:\program files\autodesk\softimage 2015 sp2\xsisdk\include\xsi_vector3f.h(1003): warning C4244: '=' : conversion de 'double' en 'float', perte possible de données
c:\program files\autodesk\softimage 2015 sp2\xsisdk\include\xsi_vector3f.h(1004): warning C4244: '=' : conversion de 'double' en 'float', perte possible de données
c:\program files\autodesk\softimage 2015 sp2\xsisdk\include\xsi_vector4f.h(680): warning C4244: '=' : conversion de 'double' en 'float', perte possible de données
c:\program files\autodesk\softimage 2015 sp2\xsisdk\include\xsi_vector4f.h(681): warning C4244: '=' : conversion de 'double' en 'float', perte possible de données
c:\program files\autodesk\softimage 2015 sp2\xsisdk\include\xsi_vector4f.h(682): warning C4244: '=' : conversion de 'double' en 'float', perte possible de données
c:\program files\autodesk\softimage 2015 sp2\xsisdk\include\xsi_vector4f.h(683): warning C4244: '=' : conversion de 'double' en 'float', perte possible de données
c:\program files\autodesk\softimage 2015 sp2\xsisdk\include\xsi_vector4f.h(702): warning C4244: 'return' : conversion de 'double' en 'float', perte possible de données
c:\program files\autodesk\softimage 2015 sp2\xsisdk\include\xsi_quaternionf.h(518): warning C4244: 'return' : conversion de 'double' en 'float', perte possible de données
c:\program files\autodesk\softimage 2015 sp2\xsisdk\include\xsi_quaternionf.h(737): warning C4244: '=' : conversion de 'double' en 'float', perte possible de données
c:\program files\autodesk\softimage 2015 sp2\xsisdk\include\xsi_quaternionf.h(781): warning C4244: '=' : conversion de 'double' en 'float', perte possible de données
c:\program files\autodesk\softimage 2015 sp2\xsisdk\include\xsi_quaternionf.h(782): warning C4244: '=' : conversion de 'double' en 'float', perte possible de données
c:\program files\autodesk\softimage 2015 sp2\xsisdk\include\xsi_quaternionf.h(784): warning C4244: '=' : conversion de 'double' en 'float', perte possible de données
c:\program files\autodesk\softimage 2015 sp2\xsisdk\include\xsi_quaternionf.h(785): warning C4244: '=' : conversion de 'double' en 'float', perte possible de données
c:\program files\autodesk\softimage 2015 sp2\xsisdk\include\xsi_rotationf.h(842): warning C4244: '=' : conversion de 'double' en 'float', perte possible de données
c:\program files\autodesk\softimage 2015 sp2\xsisdk\include\xsi_rotationf.h(843): warning C4244: '=' : conversion de 'double' en 'float', perte possible de données
  Génération de code en cours...
     Création de la bibliothèque .\bin\nt-x86-64\ICEHair.lib et de l'objet .\bin\nt-x86-64\ICEHair.exp
  Hair.vcxproj -> E:\Projects\RnD\bWorkgroup\Application\Plugins\ICEHair\.\bin\nt-x86-64\ICEHair.dll
